2021-09-04 18:54:25 INFO  .:69 - The execution of method loadFiles started here ...
2021-09-04 18:54:25 INFO  .:84 - The execution of method loadFiles ended here ...
2021-09-04 18:54:30 INFO  .:75 - The execution of method navigate started here ...
2021-09-04 18:54:37 INFO  .:87 - The execution of method navigate ended here ...
2021-09-04 18:54:37 INFO  .:166 - In Test Scenario Login the method navigate execution status is :Pass
2021-09-04 18:54:37 INFO  .:32 - The execution of method login started here ...
2021-09-04 18:54:43 INFO  .:50 - The execution of method login ended here ...
2021-09-04 18:54:43 INFO  .:166 - In Test Scenario Login the method login execution status is :Pass
2021-09-04 18:54:45 INFO  .:166 - In Test Scenario Login the method minimizeFlyOutWindow execution status is :Pass
2021-09-04 18:54:45 INFO  .:76 - The execution of method logout started here ...
2021-09-04 18:54:50 INFO  .:88 - The execution of method logout ended here ...
2021-09-04 18:54:50 INFO  .:166 - In Test Scenario Login the method logout execution status is :Pass
2021-09-04 18:54:50 INFO  .:110 - The execution of method closeApplication started here ...
2021-09-04 18:54:51 INFO  .:113 - The execution of method closeApplication ended here ...
2021-09-04 18:54:51 INFO  .:166 - In Test Scenario Login the method closeApplication execution status is :Pass
2021-09-04 18:54:51 INFO  .:180 - +++++++++++++++++++++++++++++++
2021-09-04 18:54:53 INFO  .:75 - The execution of method navigate started here ...
2021-09-04 18:55:01 INFO  .:87 - The execution of method navigate ended here ...
2021-09-04 18:55:01 INFO  .:166 - In Test Scenario CreateUser the method navigate execution status is :Pass
2021-09-04 18:55:01 INFO  .:32 - The execution of method login started here ...
2021-09-04 18:55:07 INFO  .:50 - The execution of method login ended here ...
2021-09-04 18:55:07 INFO  .:166 - In Test Scenario CreateUser the method login execution status is :Pass
2021-09-04 18:55:09 INFO  .:166 - In Test Scenario CreateUser the method minimizeFlyOutWindow execution status is :Pass
2021-09-04 18:55:09 INFO  .:32 - The execution of method createUser started here ...
2021-09-04 18:55:25 INFO  .:60 - The execution of method createUser ended here ...
2021-09-04 18:55:25 INFO  .:166 - In Test Scenario CreateUser the method createUser execution status is :Pass
2021-09-04 18:55:25 INFO  .:131 - The execution of method deleteUser started here ...
2021-09-04 18:55:34 INFO  .:147 - The execution of method deleteUser ended here ...
2021-09-04 18:55:34 INFO  .:166 - In Test Scenario CreateUser the method deleteUser execution status is :Pass
2021-09-04 18:55:34 INFO  .:76 - The execution of method logout started here ...
2021-09-04 18:55:38 INFO  .:88 - The execution of method logout ended here ...
2021-09-04 18:55:38 INFO  .:166 - In Test Scenario CreateUser the method logout execution status is :Pass
2021-09-04 18:55:38 INFO  .:110 - The execution of method closeApplication started here ...
2021-09-04 18:55:39 INFO  .:113 - The execution of method closeApplication ended here ...
2021-09-04 18:55:39 INFO  .:166 - In Test Scenario CreateUser the method closeApplication execution status is :Pass
2021-09-04 18:55:39 INFO  .:180 - +++++++++++++++++++++++++++++++
2021-09-04 18:55:40 INFO  .:75 - The execution of method navigate started here ...
2021-09-04 18:55:47 INFO  .:87 - The execution of method navigate ended here ...
2021-09-04 18:55:47 INFO  .:166 - In Test Scenario ModifyUser the method navigate execution status is :Pass
2021-09-04 18:55:48 INFO  .:32 - The execution of method login started here ...
2021-09-04 18:55:53 INFO  .:50 - The execution of method login ended here ...
2021-09-04 18:55:53 INFO  .:166 - In Test Scenario ModifyUser the method login execution status is :Pass
2021-09-04 18:55:55 INFO  .:166 - In Test Scenario ModifyUser the method minimizeFlyOutWindow execution status is :Pass
2021-09-04 18:55:55 INFO  .:32 - The execution of method createUser started here ...
2021-09-04 18:56:11 INFO  .:60 - The execution of method createUser ended here ...
2021-09-04 18:56:11 INFO  .:166 - In Test Scenario ModifyUser the method createUser execution status is :Pass
2021-09-04 18:56:11 INFO  .:86 - The execution of method modifyUser started here ...
2021-09-04 18:56:20 INFO  .:106 - The execution of method modifyUser ended here ...
2021-09-04 18:56:22 INFO  .:166 - In Test Scenario ModifyUser the method modifyUser execution status is :Fail
2021-09-04 18:56:22 INFO  .:131 - The execution of method deleteUser started here ...
2021-09-04 18:56:31 INFO  .:147 - The execution of method deleteUser ended here ...
2021-09-04 18:56:31 INFO  .:166 - In Test Scenario ModifyUser the method deleteUser execution status is :Pass
2021-09-04 18:56:31 INFO  .:76 - The execution of method logout started here ...
2021-09-04 18:56:36 INFO  .:88 - The execution of method logout ended here ...
2021-09-04 18:56:36 INFO  .:166 - In Test Scenario ModifyUser the method logout execution status is :Pass
2021-09-04 18:56:36 INFO  .:110 - The execution of method closeApplication started here ...
2021-09-04 18:56:36 INFO  .:113 - The execution of method closeApplication ended here ...
2021-09-04 18:56:36 INFO  .:166 - In Test Scenario ModifyUser the method closeApplication execution status is :Pass
2021-09-04 18:56:36 INFO  .:180 - +++++++++++++++++++++++++++++++
2021-09-04 18:56:36 INFO  .:180 - +++++++++++++++++++++++++++++++
2021-09-04 18:56:36 INFO  .:180 - +++++++++++++++++++++++++++++++
2021-09-04 18:56:36 INFO  .:180 - +++++++++++++++++++++++++++++++
2021-09-04 18:56:36 INFO  .:180 - +++++++++++++++++++++++++++++++
2021-09-04 18:56:36 INFO  .:183 - The execution of method executeTestScenarios ended here ...
2021-09-04 18:56:37 INFO  .:205 - The execution of method endAutomationSuite ended here ...
2021-09-04 18:56:37 INFO  .:208 - The execution of method endAutomationSuite ended here ...
