2021-09-06 19:39:26 INFO  .:69 - The execution of method loadFiles started here ...
2021-09-06 19:39:26 INFO  .:84 - The execution of method loadFiles ended here ...
2021-09-06 19:39:29 INFO  .:75 - The execution of method navigate started here ...
2021-09-06 19:39:37 INFO  .:87 - The execution of method navigate ended here ...
2021-09-06 19:39:37 INFO  .:166 - In Test Scenario Login the method navigate execution status is :Pass
2021-09-06 19:39:37 INFO  .:32 - The execution of method login started here ...
2021-09-06 19:39:42 INFO  .:50 - The execution of method login ended here ...
2021-09-06 19:39:42 INFO  .:166 - In Test Scenario Login the method login execution status is :Pass
2021-09-06 19:39:45 INFO  .:166 - In Test Scenario Login the method minimizeFlyOutWindow execution status is :Pass
2021-09-06 19:39:45 INFO  .:76 - The execution of method logout started here ...
2021-09-06 19:39:49 INFO  .:88 - The execution of method logout ended here ...
2021-09-06 19:39:49 INFO  .:166 - In Test Scenario Login the method logout execution status is :Pass
2021-09-06 19:39:49 INFO  .:110 - The execution of method closeApplication started here ...
2021-09-06 19:39:50 INFO  .:113 - The execution of method closeApplication ended here ...
2021-09-06 19:39:50 INFO  .:166 - In Test Scenario Login the method closeApplication execution status is :Pass
2021-09-06 19:39:50 INFO  .:180 - +++++++++++++++++++++++++++++++
2021-09-06 19:39:51 INFO  .:75 - The execution of method navigate started here ...
2021-09-06 19:39:59 INFO  .:87 - The execution of method navigate ended here ...
2021-09-06 19:39:59 INFO  .:166 - In Test Scenario CreateUser the method navigate execution status is :Pass
2021-09-06 19:39:59 INFO  .:32 - The execution of method login started here ...
2021-09-06 19:40:04 INFO  .:50 - The execution of method login ended here ...
2021-09-06 19:40:04 INFO  .:166 - In Test Scenario CreateUser the method login execution status is :Pass
2021-09-06 19:40:06 INFO  .:166 - In Test Scenario CreateUser the method minimizeFlyOutWindow execution status is :Pass
2021-09-06 19:40:06 INFO  .:32 - The execution of method createUser started here ...
2021-09-06 19:40:18 INFO  .:60 - The execution of method createUser ended here ...
2021-09-06 19:40:18 INFO  .:166 - In Test Scenario CreateUser the method createUser execution status is :Pass
2021-09-06 19:40:18 INFO  .:131 - The execution of method deleteUser started here ...
2021-09-06 19:40:27 INFO  .:147 - The execution of method deleteUser ended here ...
2021-09-06 19:40:27 INFO  .:166 - In Test Scenario CreateUser the method deleteUser execution status is :Pass
2021-09-06 19:40:27 INFO  .:76 - The execution of method logout started here ...
2021-09-06 19:40:32 INFO  .:88 - The execution of method logout ended here ...
2021-09-06 19:40:32 INFO  .:166 - In Test Scenario CreateUser the method logout execution status is :Pass
2021-09-06 19:40:32 INFO  .:110 - The execution of method closeApplication started here ...
2021-09-06 19:40:32 INFO  .:113 - The execution of method closeApplication ended here ...
2021-09-06 19:40:32 INFO  .:166 - In Test Scenario CreateUser the method closeApplication execution status is :Pass
2021-09-06 19:40:32 INFO  .:180 - +++++++++++++++++++++++++++++++
2021-09-06 19:40:34 INFO  .:75 - The execution of method navigate started here ...
2021-09-06 19:40:42 INFO  .:87 - The execution of method navigate ended here ...
2021-09-06 19:40:42 INFO  .:166 - In Test Scenario ModifyUser the method navigate execution status is :Pass
2021-09-06 19:40:42 INFO  .:32 - The execution of method login started here ...
2021-09-06 19:40:47 INFO  .:50 - The execution of method login ended here ...
2021-09-06 19:40:47 INFO  .:166 - In Test Scenario ModifyUser the method login execution status is :Pass
2021-09-06 19:40:49 INFO  .:166 - In Test Scenario ModifyUser the method minimizeFlyOutWindow execution status is :Pass
2021-09-06 19:40:49 INFO  .:32 - The execution of method createUser started here ...
2021-09-06 19:41:00 INFO  .:60 - The execution of method createUser ended here ...
2021-09-06 19:41:00 INFO  .:166 - In Test Scenario ModifyUser the method createUser execution status is :Pass
2021-09-06 19:41:00 INFO  .:86 - The execution of method modifyUser started here ...
2021-09-06 19:41:09 INFO  .:106 - The execution of method modifyUser ended here ...
2021-09-06 19:41:10 INFO  .:166 - In Test Scenario ModifyUser the method modifyUser execution status is :Fail
2021-09-06 19:41:10 INFO  .:131 - The execution of method deleteUser started here ...
2021-09-06 19:41:19 INFO  .:147 - The execution of method deleteUser ended here ...
2021-09-06 19:41:19 INFO  .:166 - In Test Scenario ModifyUser the method deleteUser execution status is :Pass
2021-09-06 19:41:19 INFO  .:76 - The execution of method logout started here ...
2021-09-06 19:41:23 INFO  .:88 - The execution of method logout ended here ...
2021-09-06 19:41:23 INFO  .:166 - In Test Scenario ModifyUser the method logout execution status is :Pass
2021-09-06 19:41:23 INFO  .:110 - The execution of method closeApplication started here ...
2021-09-06 19:41:24 INFO  .:113 - The execution of method closeApplication ended here ...
2021-09-06 19:41:24 INFO  .:166 - In Test Scenario ModifyUser the method closeApplication execution status is :Pass
2021-09-06 19:41:24 INFO  .:180 - +++++++++++++++++++++++++++++++
2021-09-06 19:41:24 INFO  .:180 - +++++++++++++++++++++++++++++++
2021-09-06 19:41:24 INFO  .:180 - +++++++++++++++++++++++++++++++
2021-09-06 19:41:24 INFO  .:180 - +++++++++++++++++++++++++++++++
2021-09-06 19:41:24 INFO  .:180 - +++++++++++++++++++++++++++++++
2021-09-06 19:41:24 INFO  .:183 - The execution of method executeTestScenarios ended here ...
2021-09-06 19:41:24 INFO  .:205 - The execution of method endAutomationSuite ended here ...
2021-09-06 19:41:24 INFO  .:208 - The execution of method endAutomationSuite ended here ...
